[16-Apr-2026 16:07:27 UTC] PHP Warning:  Undefined array key "host" in /workspaces/UX308-assignment.2/.wordpress/wp-includes/pluggable.php on line 1721
[16-Apr-2026 16:17:01 UTC] PHP Warning:  Undefined variable $parent_theme_name in /workspaces/UX308-assignment.2/.wordpress/wp-content/mu-plugins/one-click-child-theme/templates/create_child_form.php on line 18
[16-Apr-2026 16:48:43 UTC] PHP Fatal error:  Out of memory (allocated 37748736 bytes) (tried to allocate 155648 bytes) in /workspaces/UX308-assignment.2/.wordpress/wp-admin/admin-ajax.php on line 39
[16-Apr-2026 16:48:59 UTC] PHP Fatal error:  Out of memory (allocated 35651584 bytes) (tried to allocate 2097152 bytes) in /workspaces/UX308-assignment.2/.wordpress/wp-content/plugins/ecommerce-product-catalog/includes/product-ajax.php on line 278
[16-Apr-2026 16:48:59 UTC] PHP Fatal error:  Out of memory (allocated 35651584 bytes) (tried to allocate 2097152 bytes) in /workspaces/UX308-assignment.2/.wordpress/wp-includes/sodium_compat/src/Core/Util.php on line 12
[16-Apr-2026 16:49:09 UTC] PHP Fatal error:  Out of memory (allocated 33554432 bytes) (tried to allocate 2097152 bytes) in /workspaces/UX308-assignment.2/.wordpress/wp-content/plugins/ecommerce-product-catalog/includes/product-ajax.php on line 278
[16-Apr-2026 16:49:09 UTC] PHP Fatal error:  Out of memory (allocated 33554432 bytes) (tried to allocate 2097152 bytes) in /workspaces/UX308-assignment.2/.wordpress/wp-includes/Requests/src/Cookie/Jar.php on line 32
[16-Apr-2026 16:49:27 UTC] PHP Fatal error:  Out of memory (allocated 33554432 bytes) (tried to allocate 2097152 bytes) in /workspaces/UX308-assignment.2/.wordpress/wp-content/plugins/ecommerce-product-catalog/includes/product-ajax.php on line 278
[16-Apr-2026 16:49:27 UTC] PHP Fatal error:  Out of memory (allocated 33554432 bytes) (tried to allocate 2097152 bytes) in /workspaces/UX308-assignment.2/.wordpress/wp-includes/Requests/src/Cookie/Jar.php on line 32
[16-Apr-2026 16:49:35 UTC] PHP Fatal error:  Out of memory (allocated 33554432 bytes) (tried to allocate 2097152 bytes) in /workspaces/UX308-assignment.2/.wordpress/wp-content/plugins/ecommerce-product-catalog/includes/customizer.php on line 307
[16-Apr-2026 16:49:35 UTC] PHP Fatal error:  Out of memory (allocated 33554432 bytes) (tried to allocate 2097152 bytes) in /workspaces/UX308-assignment.2/.wordpress/wp-includes/Requests/src/Cookie/Jar.php on line 32
[16-Apr-2026 16:49:35 UTC] PHP Fatal error:  Out of memory (allocated 31457280 bytes) (tried to allocate 2097152 bytes) in /workspaces/UX308-assignment.2/.wordpress/wp-content/plugins/ecommerce-product-catalog/includes/customizer.php on line 300
[16-Apr-2026 16:49:35 UTC] PHP Fatal error:  Out of memory (allocated 31457280 bytes) (tried to allocate 2097152 bytes) in /workspaces/UX308-assignment.2/.wordpress/wp-includes/Requests/src/Cookie/Jar.php on line 32
[16-Apr-2026 16:49:36 UTC] PHP Fatal error:  Out of memory (allocated 31457280 bytes) (tried to allocate 2097152 bytes) in /workspaces/UX308-assignment.2/.wordpress/wp-content/plugins/ecommerce-product-catalog/includes/product-ajax.php on line 278
[16-Apr-2026 16:49:36 UTC] PHP Fatal error:  Out of memory (allocated 31457280 bytes) (tried to allocate 131072 bytes) in /workspaces/UX308-assignment.2/.wordpress/wp-content/languages/admin-en_CA.l10n.php on line 2
[16-Apr-2026 16:49:43 UTC] PHP Fatal error:  Out of memory (allocated 31457280 bytes) (tried to allocate 2097152 bytes) in /workspaces/UX308-assignment.2/.wordpress/wp-content/plugins/ecommerce-product-catalog/includes/customizer.php on line 300
[16-Apr-2026 16:49:43 UTC] PHP Fatal error:  Out of memory (allocated 31457280 bytes) (tried to allocate 2097152 bytes) in /workspaces/UX308-assignment.2/.wordpress/wp-includes/Requests/src/Cookie/Jar.php on line 32
[16-Apr-2026 16:49:46 UTC] PHP Fatal error:  Out of memory (allocated 31457280 bytes) (tried to allocate 2097152 bytes) in /workspaces/UX308-assignment.2/.wordpress/wp-content/plugins/ecommerce-product-catalog/includes/product-ajax.php on line 278
[16-Apr-2026 16:49:46 UTC] PHP Fatal error:  Out of memory (allocated 31457280 bytes) (tried to allocate 131072 bytes) in /workspaces/UX308-assignment.2/.wordpress/wp-content/languages/admin-en_CA.l10n.php on line 2
[16-Apr-2026 16:49:48 UTC] PHP Fatal error:  Out of memory (allocated 31457280 bytes) (tried to allocate 2097152 bytes) in /workspaces/UX308-assignment.2/.wordpress/wp-content/plugins/ecommerce-product-catalog/includes/customizer.php on line 18
[16-Apr-2026 16:49:48 UTC] PHP Fatal error:  Out of memory (allocated 31457280 bytes) (tried to allocate 2097152 bytes) in /workspaces/UX308-assignment.2/.wordpress/wp-includes/Requests/src/Cookie/Jar.php on line 32
[16-Apr-2026 16:49:49 UTC] PHP Fatal error:  Out of memory (allocated 31457280 bytes) (tried to allocate 2097152 bytes) in /workspaces/UX308-assignment.2/.wordpress/wp-content/plugins/ecommerce-product-catalog/includes/product-filters.php on line 328
[16-Apr-2026 16:49:49 UTC] PHP Fatal error:  Out of memory (allocated 31457280 bytes) (tried to allocate 131072 bytes) in /workspaces/UX308-assignment.2/.wordpress/wp-content/languages/admin-en_CA.l10n.php on line 2
